Determining if the pthread_create exist failed with the following output:
Change Dir: /home/dz2311/Desktop/PR2-handwriting/build/CMakeFiles/CMakeTmp

Run Build Command:/usr/bin/make "cmTryCompileExec1693666148/fast"
/usr/bin/make -f CMakeFiles/cmTryCompileExec1693666148.dir/build.make CMakeFiles/cmTryCompileExec1693666148.dir/build
make[1]: Entering directory `/home/dz2311/Desktop/PR2-handwriting/build/CMakeFiles/CMakeTmp'
/usr/bin/cmake -E cmake_progress_report /home/dz2311/Desktop/PR2-handwriting/build/CMakeFiles/CMakeTmp/CMakeFiles 1
Building C object CMakeFiles/cmTryCompileExec1693666148.dir/CheckSymbolExists.c.o
/usr/bin/cc    -o CMakeFiles/cmTryCompileExec1693666148.dir/CheckSymbolExists.c.o   -c /home/dz2311/Desktop/PR2-handwriting/build/CMakeFiles/CMakeTmp/CheckSymbolExists.c
Linking C executable cmTryCompileExec1693666148
/usr/bin/cmake -E cmake_link_script CMakeFiles/cmTryCompileExec1693666148.dir/link.txt --verbose=1
/usr/bin/cc       CMakeFiles/cmTryCompileExec1693666148.dir/CheckSymbolExists.c.o  -o cmTryCompileExec1693666148 -rdynamic 
CMakeFiles/cmTryCompileExec1693666148.dir/CheckSymbolExists.c.o: In function `main':
CheckSymbolExists.c:(.text+0x16): undefined reference to `pthread_create'
collect2: error: ld returned 1 exit status
make[1]: *** [cmTryCompileExec1693666148] Error 1
make[1]: Leaving directory `/home/dz2311/Desktop/PR2-handwriting/build/CMakeFiles/CMakeTmp'
make: *** [cmTryCompileExec1693666148/fast] Error 2

File /home/dz2311/Desktop/PR2-handwriting/build/CMakeFiles/CMakeTmp/CheckSymbolExists.c:
/* */
#include <pthread.h>

int main(int argc, char** argv)
{
  (void)argv;
#ifndef pthread_create
  return ((int*)(&pthread_create))[argc];
#else
  (void)argc;
  return 0;
#endif
}

Determining if the function pthread_create exists in the pthreads failed with the following output:
Change Dir: /home/dz2311/Desktop/PR2-handwriting/build/CMakeFiles/CMakeTmp

Run Build Command:/usr/bin/make "cmTryCompileExec921894723/fast"
/usr/bin/make -f CMakeFiles/cmTryCompileExec921894723.dir/build.make CMakeFiles/cmTryCompileExec921894723.dir/build
make[1]: Entering directory `/home/dz2311/Desktop/PR2-handwriting/build/CMakeFiles/CMakeTmp'
/usr/bin/cmake -E cmake_progress_report /home/dz2311/Desktop/PR2-handwriting/build/CMakeFiles/CMakeTmp/CMakeFiles 1
Building C object CMakeFiles/cmTryCompileExec921894723.dir/CheckFunctionExists.c.o
/usr/bin/cc   -DCHECK_FUNCTION_EXISTS=pthread_create   -o CMakeFiles/cmTryCompileExec921894723.dir/CheckFunctionExists.c.o   -c /usr/share/cmake-2.8/Modules/CheckFunctionExists.c
Linking C executable cmTryCompileExec921894723
/usr/bin/cmake -E cmake_link_script CMakeFiles/cmTryCompileExec921894723.dir/link.txt --verbose=1
/usr/bin/cc   -DCHECK_FUNCTION_EXISTS=pthread_create    CMakeFiles/cmTryCompileExec921894723.dir/CheckFunctionExists.c.o  -o cmTryCompileExec921894723 -rdynamic -lpthreads 
/usr/bin/ld: cannot find -lpthreads
collect2: error: ld returned 1 exit status
make[1]: *** [cmTryCompileExec921894723] Error 1
make[1]: Leaving directory `/home/dz2311/Desktop/PR2-handwriting/build/CMakeFiles/CMakeTmp'
make: *** [cmTryCompileExec921894723/fast] Error 2


